  Application2D.cpp
  AreaObject.cpp
  GameObject.cpp
  GameSauce.cpp
  main.cpp
  Matrix2.cpp
c:\users\chris\documents\002_portfolio\projects\what the flock\project2d\matrix2.cpp(12): warning C4273: 'Matrix2::Matrix2': inconsistent dll linkage
  c:\users\chris\documents\002_portfolio\projects\what the flock\project2d\matrix2.h(20): note: see previous definition of '{ctor}'
c:\users\chris\documents\002_portfolio\projects\what the flock\project2d\matrix2.cpp(19): warning C4273: 'Matrix2::Matrix2': inconsistent dll linkage
  c:\users\chris\documents\002_portfolio\projects\what the flock\project2d\matrix2.h(21): note: see previous definition of '{ctor}'
c:\users\chris\documents\002_portfolio\projects\what the flock\project2d\matrix2.cpp(28): warning C4273: 'Matrix2::~Matrix2': inconsistent dll linkage
  c:\users\chris\documents\002_portfolio\projects\what the flock\project2d\matrix2.h(24): note: see previous definition of '{dtor}'
c:\users\chris\documents\002_portfolio\projects\what the flock\project2d\matrix2.cpp(32): warning C4273: 'Matrix2::Identity': inconsistent dll linkage
  c:\users\chris\documents\002_portfolio\projects\what the flock\project2d\matrix2.h(26): note: see previous definition of 'Identity'
c:\users\chris\documents\002_portfolio\projects\what the flock\project2d\matrix2.cpp(41): warning C4273: 'Matrix2::operator *': inconsistent dll linkage
  c:\users\chris\documents\002_portfolio\projects\what the flock\project2d\matrix2.h(28): note: see previous definition of '*'
c:\users\chris\documents\002_portfolio\projects\what the flock\project2d\matrix2.cpp(50): warning C4273: 'Matrix2::operator *': inconsistent dll linkage
  c:\users\chris\documents\002_portfolio\projects\what the flock\project2d\matrix2.h(29): note: see previous definition of '*'
c:\users\chris\documents\002_portfolio\projects\what the flock\project2d\matrix2.cpp(62): warning C4273: 'Matrix2::operator []': inconsistent dll linkage
  c:\users\chris\documents\002_portfolio\projects\what the flock\project2d\matrix2.h(31): note: see previous definition of '[]'
c:\users\chris\documents\002_portfolio\projects\what the flock\project2d\matrix2.cpp(70): warning C4273: 'Matrix2::operator float *': inconsistent dll linkage
  c:\users\chris\documents\002_portfolio\projects\what the flock\project2d\matrix2.h(32): note: see previous definition of 'operator float *'
c:\users\chris\documents\002_portfolio\projects\what the flock\project2d\matrix2.cpp(75): warning C4273: 'Matrix2::setRotate': inconsistent dll linkage
  c:\users\chris\documents\002_portfolio\projects\what the flock\project2d\matrix2.h(34): note: see previous definition of 'setRotate'
c:\users\chris\documents\002_portfolio\projects\what the flock\project2d\matrix2.cpp(84): warning C4273: 'Matrix2::GetRight': inconsistent dll linkage
  c:\users\chris\documents\002_portfolio\projects\what the flock\project2d\matrix2.h(36): note: see previous definition of 'GetRight'
c:\users\chris\documents\002_portfolio\projects\what the flock\project2d\matrix2.cpp(93): warning C4273: 'Matrix2::GetUp': inconsistent dll linkage
  c:\users\chris\documents\002_portfolio\projects\what the flock\project2d\matrix2.h(37): note: see previous definition of 'GetUp'
  Matrix3.cpp
c:\users\chris\documents\002_portfolio\projects\what the flock\project2d\matrix3.cpp(12): warning C4273: 'Matrix3::Matrix3': inconsistent dll linkage
  c:\users\chris\documents\002_portfolio\projects\what the flock\project2d\matrix3.h(20): note: see previous definition of '{ctor}'
c:\users\chris\documents\002_portfolio\projects\what the flock\project2d\matrix3.cpp(20): warning C4273: 'Matrix3::Matrix3': inconsistent dll linkage
  c:\users\chris\documents\002_portfolio\projects\what the flock\project2d\matrix3.h(21): note: see previous definition of '{ctor}'
c:\users\chris\documents\002_portfolio\projects\what the flock\project2d\matrix3.cpp(35): warning C4273: 'Matrix3::~Matrix3': inconsistent dll linkage
  c:\users\chris\documents\002_portfolio\projects\what the flock\project2d\matrix3.h(25): note: see previous definition of '{dtor}'
c:\users\chris\documents\002_portfolio\projects\what the flock\project2d\matrix3.cpp(39): warning C4273: 'Matrix3::Identity': inconsistent dll linkage
  c:\users\chris\documents\002_portfolio\projects\what the flock\project2d\matrix3.h(27): note: see previous definition of 'Identity'
c:\users\chris\documents\002_portfolio\projects\what the flock\project2d\matrix3.cpp(54): warning C4273: 'Matrix3::LocalTransform': inconsistent dll linkage
  c:\users\chris\documents\002_portfolio\projects\what the flock\project2d\matrix3.h(29): note: see previous definition of 'LocalTransform'
c:\users\chris\documents\002_portfolio\projects\what the flock\project2d\matrix3.cpp(59): warning C4273: 'Matrix3::GlobalTransform': inconsistent dll linkage
  c:\users\chris\documents\002_portfolio\projects\what the flock\project2d\matrix3.h(30): note: see previous definition of 'GlobalTransform'
c:\users\chris\documents\002_portfolio\projects\what the flock\project2d\matrix3.cpp(64): warning C4273: 'Matrix3::operator *': inconsistent dll linkage
  c:\users\chris\documents\002_portfolio\projects\what the flock\project2d\matrix3.h(32): note: see previous definition of '*'
c:\users\chris\documents\002_portfolio\projects\what the flock\project2d\matrix3.cpp(74): warning C4273: 'Matrix3::operator *': inconsistent dll linkage
  c:\users\chris\documents\002_portfolio\projects\what the flock\project2d\matrix3.h(33): note: see previous definition of '*'
c:\users\chris\documents\002_portfolio\projects\what the flock\project2d\matrix3.cpp(92): warning C4273: 'Matrix3::operator []': inconsistent dll linkage
  c:\users\chris\documents\002_portfolio\projects\what the flock\project2d\matrix3.h(35): note: see previous definition of '[]'
c:\users\chris\documents\002_portfolio\projects\what the flock\project2d\matrix3.cpp(100): warning C4273: 'Matrix3::operator float *': inconsistent dll linkage
  c:\users\chris\documents\002_portfolio\projects\what the flock\project2d\matrix3.h(36): note: see previous definition of 'operator float *'
c:\users\chris\documents\002_portfolio\projects\what the flock\project2d\matrix3.cpp(105): warning C4273: 'Matrix3::setRotateX': inconsistent dll linkage
  c:\users\chris\documents\002_portfolio\projects\what the flock\project2d\matrix3.h(38): note: see previous definition of 'setRotateX'
c:\users\chris\documents\002_portfolio\projects\what the flock\project2d\matrix3.cpp(113): warning C4273: 'Matrix3::setRotateY': inconsistent dll linkage
  c:\users\chris\documents\002_portfolio\projects\what the flock\project2d\matrix3.h(39): note: see previous definition of 'setRotateY'
c:\users\chris\documents\002_portfolio\projects\what the flock\project2d\matrix3.cpp(121): warning C4273: 'Matrix3::setRotateZ': inconsistent dll linkage
  c:\users\chris\documents\002_portfolio\projects\what the flock\project2d\matrix3.h(40): note: see previous definition of 'setRotateZ'
c:\users\chris\documents\002_portfolio\projects\what the flock\project2d\matrix3.cpp(130): warning C4273: 'Matrix3::SetRotate2D': inconsistent dll linkage
  c:\users\chris\documents\002_portfolio\projects\what the flock\project2d\matrix3.h(42): note: see previous definition of 'SetRotate2D'
c:\users\chris\documents\002_portfolio\projects\what the flock\project2d\matrix3.cpp(139): warning C4273: 'Matrix3::SetPosition': inconsistent dll linkage
  c:\users\chris\documents\002_portfolio\projects\what the flock\project2d\matrix3.h(44): note: see previous definition of 'SetPosition'
c:\users\chris\documents\002_portfolio\projects\what the flock\project2d\matrix3.cpp(144): warning C4273: 'Matrix3::SetPosition': inconsistent dll linkage
  c:\users\chris\documents\002_portfolio\projects\what the flock\project2d\matrix3.h(45): note: see previous definition of 'SetPosition'
c:\users\chris\documents\002_portfolio\projects\what the flock\project2d\matrix3.cpp(150): warning C4273: 'Matrix3::SetScale': inconsistent dll linkage
  c:\users\chris\documents\002_portfolio\projects\what the flock\project2d\matrix3.h(47): note: see previous definition of 'SetScale'
c:\users\chris\documents\002_portfolio\projects\what the flock\project2d\matrix3.cpp(155): warning C4273: 'Matrix3::SetScale': inconsistent dll linkage
  c:\users\chris\documents\002_portfolio\projects\what the flock\project2d\matrix3.h(48): note: see previous definition of 'SetScale'
c:\users\chris\documents\002_portfolio\projects\what the flock\project2d\matrix3.cpp(161): warning C4273: 'Matrix3::GetPosition': inconsistent dll linkage
  c:\users\chris\documents\002_portfolio\projects\what the flock\project2d\matrix3.h(50): note: see previous definition of 'GetPosition'
c:\users\chris\documents\002_portfolio\projects\what the flock\project2d\matrix3.cpp(170): warning C4273: 'Matrix3::GetRight': inconsistent dll linkage
  c:\users\chris\documents\002_portfolio\projects\what the flock\project2d\matrix3.h(51): note: see previous definition of 'GetRight'
c:\users\chris\documents\002_portfolio\projects\what the flock\project2d\matrix3.cpp(179): warning C4273: 'Matrix3::GetUp': inconsistent dll linkage
  c:\users\chris\documents\002_portfolio\projects\what the flock\project2d\matrix3.h(52): note: see previous definition of 'GetUp'
c:\users\chris\documents\002_portfolio\projects\what the flock\project2d\matrix3.cpp(188): warning C4273: 'Matrix3::GetFacing2D': inconsistent dll linkage
  c:\users\chris\documents\002_portfolio\projects\what the flock\project2d\matrix3.h(53): note: see previous definition of 'GetFacing2D'
  Matrix4.cpp
c:\users\chris\documents\002_portfolio\projects\what the flock\project2d\matrix4.cpp(12): warning C4273: 'Matrix4::Matrix4': inconsistent dll linkage
  c:\users\chris\documents\002_portfolio\projects\what the flock\project2d\matrix4.h(20): note: see previous definition of '{ctor}'
c:\users\chris\documents\002_portfolio\projects\what the flock\project2d\matrix4.cpp(21): warning C4273: 'Matrix4::Matrix4': inconsistent dll linkage
  c:\users\chris\documents\002_portfolio\projects\what the flock\project2d\matrix4.h(21): note: see previous definition of '{ctor}'
c:\users\chris\documents\002_portfolio\projects\what the flock\project2d\matrix4.cpp(44): warning C4273: 'Matrix4::~Matrix4': inconsistent dll linkage
  c:\users\chris\documents\002_portfolio\projects\what the flock\project2d\matrix4.h(26): note: see previous definition of '{dtor}'
c:\users\chris\documents\002_portfolio\projects\what the flock\project2d\matrix4.cpp(48): warning C4273: 'Matrix4::Identity': inconsistent dll linkage
  c:\users\chris\documents\002_portfolio\projects\what the flock\project2d\matrix4.h(28): note: see previous definition of 'Identity'
c:\users\chris\documents\002_portfolio\projects\what the flock\project2d\matrix4.cpp(71): warning C4273: 'Matrix4::LocalTransform': inconsistent dll linkage
  c:\users\chris\documents\002_portfolio\projects\what the flock\project2d\matrix4.h(30): note: see previous definition of 'LocalTransform'
c:\users\chris\documents\002_portfolio\projects\what the flock\project2d\matrix4.cpp(76): warning C4273: 'Matrix4::GlobalTransform': inconsistent dll linkage
  c:\users\chris\documents\002_portfolio\projects\what the flock\project2d\matrix4.h(31): note: see previous definition of 'GlobalTransform'
c:\users\chris\documents\002_portfolio\projects\what the flock\project2d\matrix4.cpp(81): warning C4273: 'Matrix4::operator *': inconsistent dll linkage
  c:\users\chris\documents\002_portfolio\projects\what the flock\project2d\matrix4.h(33): note: see previous definition of '*'
c:\users\chris\documents\002_portfolio\projects\what the flock\project2d\matrix4.cpp(93): warning C4273: 'Matrix4::operator *': inconsistent dll linkage
  c:\users\chris\documents\002_portfolio\projects\what the flock\project2d\matrix4.h(34): note: see previous definition of '*'
c:\users\chris\documents\002_portfolio\projects\what the flock\project2d\matrix4.cpp(119): warning C4273: 'Matrix4::operator []': inconsistent dll linkage
  c:\users\chris\documents\002_portfolio\projects\what the flock\project2d\matrix4.h(36): note: see previous definition of '[]'
c:\users\chris\documents\002_portfolio\projects\what the flock\project2d\matrix4.cpp(127): warning C4273: 'Matrix4::operator float *': inconsistent dll linkage
  c:\users\chris\documents\002_portfolio\projects\what the flock\project2d\matrix4.h(37): note: see previous definition of 'operator float *'
c:\users\chris\documents\002_portfolio\projects\what the flock\project2d\matrix4.cpp(132): warning C4273: 'Matrix4::setRotateX': inconsistent dll linkage
  c:\users\chris\documents\002_portfolio\projects\what the flock\project2d\matrix4.h(39): note: see previous definition of 'setRotateX'
c:\users\chris\documents\002_portfolio\projects\what the flock\project2d\matrix4.cpp(140): warning C4273: 'Matrix4::setRotateY': inconsistent dll linkage
  c:\users\chris\documents\002_portfolio\projects\what the flock\project2d\matrix4.h(40): note: see previous definition of 'setRotateY'
c:\users\chris\documents\002_portfolio\projects\what the flock\project2d\matrix4.cpp(148): warning C4273: 'Matrix4::setRotateZ': inconsistent dll linkage
  c:\users\chris\documents\002_portfolio\projects\what the flock\project2d\matrix4.h(41): note: see previous definition of 'setRotateZ'
c:\users\chris\documents\002_portfolio\projects\what the flock\project2d\matrix4.cpp(157): warning C4273: 'Matrix4::SetPosition': inconsistent dll linkage
  c:\users\chris\documents\002_portfolio\projects\what the flock\project2d\matrix4.h(43): note: see previous definition of 'SetPosition'
c:\users\chris\documents\002_portfolio\projects\what the flock\project2d\matrix4.cpp(163): warning C4273: 'Matrix4::SetPosition': inconsistent dll linkage
  c:\users\chris\documents\002_portfolio\projects\what the flock\project2d\matrix4.h(44): note: see previous definition of 'SetPosition'
c:\users\chris\documents\002_portfolio\projects\what the flock\project2d\matrix4.cpp(170): warning C4273: 'Matrix4::SetScale': inconsistent dll linkage
  c:\users\chris\documents\002_portfolio\projects\what the flock\project2d\matrix4.h(46): note: see previous definition of 'SetScale'
c:\users\chris\documents\002_portfolio\projects\what the flock\project2d\matrix4.cpp(176): warning C4273: 'Matrix4::SetScale': inconsistent dll linkage
  c:\users\chris\documents\002_portfolio\projects\what the flock\project2d\matrix4.h(47): note: see previous definition of 'SetScale'
c:\users\chris\documents\002_portfolio\projects\what the flock\project2d\matrix4.cpp(183): warning C4273: 'Matrix4::GetPosition': inconsistent dll linkage
  c:\users\chris\documents\002_portfolio\projects\what the flock\project2d\matrix4.h(49): note: see previous definition of 'GetPosition'
c:\users\chris\documents\002_portfolio\projects\what the flock\project2d\matrix4.cpp(193): warning C4273: 'Matrix4::GetRight': inconsistent dll linkage
  c:\users\chris\documents\002_portfolio\projects\what the flock\project2d\matrix4.h(50): note: see previous definition of 'GetRight'
c:\users\chris\documents\002_portfolio\projects\what the flock\project2d\matrix4.cpp(203): warning C4273: 'Matrix4::GetUp': inconsistent dll linkage
  c:\users\chris\documents\002_portfolio\projects\what the flock\project2d\matrix4.h(51): note: see previous definition of 'GetUp'
c:\users\chris\documents\002_portfolio\projects\what the flock\project2d\matrix4.cpp(213): warning C4273: 'Matrix4::GetFacing': inconsistent dll linkage
  c:\users\chris\documents\002_portfolio\projects\what the flock\project2d\matrix4.h(52): note: see previous definition of 'GetFacing'
  Player.cpp
c:\users\chris\documents\002_portfolio\projects\what the flock\project2d\player.cpp(61): error C3867: 'Matrix3::GetFacing2D': non-standard syntax; use '&' to create a pointer to member
c:\users\chris\documents\002_portfolio\projects\what the flock\project2d\player.cpp(61): error C2296: '*': illegal, left operand has type 'Vector2 (__cdecl Matrix3::* )(void)'
c:\users\chris\documents\002_portfolio\projects\what the flock\project2d\player.cpp(63): error C3867: 'Matrix3::GetFacing2D': non-standard syntax; use '&' to create a pointer to member
c:\users\chris\documents\002_portfolio\projects\what the flock\project2d\player.cpp(63): error C2296: '*': illegal, left operand has type 'Vector2 (__cdecl Matrix3::* )(void)'
c:\users\chris\documents\002_portfolio\projects\what the flock\project2d\player.cpp(65): error C3867: 'Matrix3::GetRight': non-standard syntax; use '&' to create a pointer to member
c:\users\chris\documents\002_portfolio\projects\what the flock\project2d\player.cpp(65): error C2296: '*': illegal, left operand has type 'Vector2 (__cdecl Matrix3::* )(void)'
c:\users\chris\documents\002_portfolio\projects\what the flock\project2d\player.cpp(67): error C3867: 'Matrix3::GetRight': non-standard syntax; use '&' to create a pointer to member
c:\users\chris\documents\002_portfolio\projects\what the flock\project2d\player.cpp(67): error C2296: '*': illegal, left operand has type 'Vector2 (__cdecl Matrix3::* )(void)'
  TextureManager.cpp
c:\users\chris\documents\002_portfolio\projects\what the flock\project2d\texturemanager.cpp(8): error C3867: 'std::vector<char *,std::allocator<_Ty>>::size': non-standard syntax; use '&' to create a pointer to member
          with
          [
              _Ty=char *
          ]
c:\users\chris\documents\002_portfolio\projects\what the flock\project2d\texturemanager.cpp(8): error C2446: '!=': no conversion from 'unsigned __int64 (__cdecl std::vector<char *,std::allocator<_Ty>>::* )(void) noexcept const' to 'int'
          with
          [
              _Ty=char *
          ]
  c:\users\chris\documents\002_portfolio\projects\what the flock\project2d\texturemanager.cpp(8): note: There is no context in which this conversion is possible
c:\users\chris\documents\002_portfolio\projects\what the flock\project2d\texturemanager.cpp(13): error C3867: 'std::vector<char *,std::allocator<_Ty>>::size': non-standard syntax; use '&' to create a pointer to member
          with
          [
              _Ty=char *
          ]
c:\users\chris\documents\002_portfolio\projects\what the flock\project2d\texturemanager.cpp(13): error C2440: '=': cannot convert from 'unsigned __int64 (__cdecl std::vector<char *,std::allocator<_Ty>>::* )(void) noexcept const' to 'int'
          with
          [
              _Ty=char *
          ]
  c:\users\chris\documents\002_portfolio\projects\what the flock\project2d\texturemanager.cpp(13): note: There is no context in which this conversion is possible
c:\users\chris\documents\002_portfolio\projects\what the flock\project2d\texturemanager.cpp(26): error C3867: 'std::vector<aie::Texture *,std::allocator<_Ty>>::size': non-standard syntax; use '&' to create a pointer to member
          with
          [
              _Ty=aie::Texture *
          ]
c:\users\chris\documents\002_portfolio\projects\what the flock\project2d\texturemanager.cpp(26): error C2446: '<': no conversion from 'unsigned __int64 (__cdecl std::vector<aie::Texture *,std::allocator<_Ty>>::* )(void) noexcept const' to 'int'
          with
          [
              _Ty=aie::Texture *
          ]
  c:\users\chris\documents\002_portfolio\projects\what the flock\project2d\texturemanager.cpp(26): note: There is no context in which this conversion is possible
  Vector2.cpp
c:\users\chris\documents\002_portfolio\projects\what the flock\project2d\vector2.cpp(9): warning C4273: 'Vector2::Vector2': inconsistent dll linkage
  c:\users\chris\documents\002_portfolio\projects\what the flock\project2d\vector2.h(19): note: see previous definition of '{ctor}'
c:\users\chris\documents\002_portfolio\projects\what the flock\project2d\vector2.cpp(15): warning C4273: 'Vector2::Vector2': inconsistent dll linkage
  c:\users\chris\documents\002_portfolio\projects\what the flock\project2d\vector2.h(20): note: see previous definition of '{ctor}'
c:\users\chris\documents\002_portfolio\projects\what the flock\project2d\vector2.cpp(21): warning C4273: 'Vector2::~Vector2': inconsistent dll linkage
  c:\users\chris\documents\002_portfolio\projects\what the flock\project2d\vector2.h(21): note: see previous definition of '{dtor}'
c:\users\chris\documents\002_portfolio\projects\what the flock\project2d\vector2.cpp(29): warning C4273: 'Vector2::One': inconsistent dll linkage
  c:\users\chris\documents\002_portfolio\projects\what the flock\project2d\vector2.h(27): note: see previous definition of 'One'
c:\users\chris\documents\002_portfolio\projects\what the flock\project2d\vector2.cpp(39): warning C4273: 'Vector2::Zero': inconsistent dll linkage
  c:\users\chris\documents\002_portfolio\projects\what the flock\project2d\vector2.h(33): note: see previous definition of 'Zero'
c:\users\chris\documents\002_portfolio\projects\what the flock\project2d\vector2.cpp(50): warning C4273: 'Vector2::Right': inconsistent dll linkage
  c:\users\chris\documents\002_portfolio\projects\what the flock\project2d\vector2.h(40): note: see previous definition of 'Right'
c:\users\chris\documents\002_portfolio\projects\what the flock\project2d\vector2.cpp(61): warning C4273: 'Vector2::Left': inconsistent dll linkage
  c:\users\chris\documents\002_portfolio\projects\what the flock\project2d\vector2.h(47): note: see previous definition of 'Left'
c:\users\chris\documents\002_portfolio\projects\what the flock\project2d\vector2.cpp(72): warning C4273: 'Vector2::Up': inconsistent dll linkage
  c:\users\chris\documents\002_portfolio\projects\what the flock\project2d\vector2.h(54): note: see previous definition of 'Up'
c:\users\chris\documents\002_portfolio\projects\what the flock\project2d\vector2.cpp(83): warning C4273: 'Vector2::Down': inconsistent dll linkage
  c:\users\chris\documents\002_portfolio\projects\what the flock\project2d\vector2.h(61): note: see previous definition of 'Down'
c:\users\chris\documents\002_portfolio\projects\what the flock\project2d\vector2.cpp(95): warning C4273: 'Vector2::operator +': inconsistent dll linkage
  c:\users\chris\documents\002_portfolio\projects\what the flock\project2d\vector2.h(69): note: see previous definition of '+'
c:\users\chris\documents\002_portfolio\projects\what the flock\project2d\vector2.cpp(110): warning C4273: 'Vector2::operator -': inconsistent dll linkage
  c:\users\chris\documents\002_portfolio\projects\what the flock\project2d\vector2.h(77): note: see previous definition of '-'
c:\users\chris\documents\002_portfolio\projects\what the flock\project2d\vector2.cpp(125): warning C4273: 'Vector2::operator +': inconsistent dll linkage
  c:\users\chris\documents\002_portfolio\projects\what the flock\project2d\vector2.h(85): note: see previous definition of '+'
c:\users\chris\documents\002_portfolio\projects\what the flock\project2d\vector2.cpp(140): warning C4273: 'Vector2::operator -': inconsistent dll linkage
  c:\users\chris\documents\002_portfolio\projects\what the flock\project2d\vector2.h(93): note: see previous definition of '-'
c:\users\chris\documents\002_portfolio\projects\what the flock\project2d\vector2.cpp(155): warning C4273: 'Vector2::operator *': inconsistent dll linkage
  c:\users\chris\documents\002_portfolio\projects\what the flock\project2d\vector2.h(101): note: see previous definition of '*'
c:\users\chris\documents\002_portfolio\projects\what the flock\project2d\vector2.cpp(170): warning C4273: 'Vector2::operator +=': inconsistent dll linkage
  c:\users\chris\documents\002_portfolio\projects\what the flock\project2d\vector2.h(109): note: see previous definition of '+='
c:\users\chris\documents\002_portfolio\projects\what the flock\project2d\vector2.cpp(184): warning C4273: 'Vector2::operator -=': inconsistent dll linkage
  c:\users\chris\documents\002_portfolio\projects\what the flock\project2d\vector2.h(117): note: see previous definition of '-='
c:\users\chris\documents\002_portfolio\projects\what the flock\project2d\vector2.cpp(199): warning C4273: 'Vector2::operator *=': inconsistent dll linkage
  c:\users\chris\documents\002_portfolio\projects\what the flock\project2d\vector2.h(126): note: see previous definition of '*='
c:\users\chris\documents\002_portfolio\projects\what the flock\project2d\vector2.cpp(214): warning C4273: 'Vector2::operator ==': inconsistent dll linkage
  c:\users\chris\documents\002_portfolio\projects\what the flock\project2d\vector2.h(135): note: see previous definition of '=='
c:\users\chris\documents\002_portfolio\projects\what the flock\project2d\vector2.cpp(233): warning C4273: 'Vector2::operator >': inconsistent dll linkage
  c:\users\chris\documents\002_portfolio\projects\what the flock\project2d\vector2.h(144): note: see previous definition of '>'
c:\users\chris\documents\002_portfolio\projects\what the flock\project2d\vector2.cpp(252): warning C4273: 'Vector2::operator >=': inconsistent dll linkage
  c:\users\chris\documents\002_portfolio\projects\what the flock\project2d\vector2.h(153): note: see previous definition of '>='
c:\users\chris\documents\002_portfolio\projects\what the flock\project2d\vector2.cpp(271): warning C4273: 'Vector2::operator <': inconsistent dll linkage
  c:\users\chris\documents\002_portfolio\projects\what the flock\project2d\vector2.h(162): note: see previous definition of '<'
c:\users\chris\documents\002_portfolio\projects\what the flock\project2d\vector2.cpp(290): warning C4273: 'Vector2::operator <=': inconsistent dll linkage
  c:\users\chris\documents\002_portfolio\projects\what the flock\project2d\vector2.h(171): note: see previous definition of '<='
c:\users\chris\documents\002_portfolio\projects\what the flock\project2d\vector2.cpp(309): warning C4273: 'Vector2::operator []': inconsistent dll linkage
  c:\users\chris\documents\002_portfolio\projects\what the flock\project2d\vector2.h(180): note: see previous definition of '[]'
c:\users\chris\documents\002_portfolio\projects\what the flock\project2d\vector2.cpp(321): warning C4273: 'Vector2::operator float *': inconsistent dll linkage
  c:\users\chris\documents\002_portfolio\projects\what the flock\project2d\vector2.h(188): note: see previous definition of 'operator float *'
c:\users\chris\documents\002_portfolio\projects\what the flock\project2d\vector2.cpp(332): warning C4273: 'Vector2::operator Vector3': inconsistent dll linkage
  c:\users\chris\documents\002_portfolio\projects\what the flock\project2d\vector2.h(196): note: see previous definition of 'operator Vector3'
c:\users\chris\documents\002_portfolio\projects\what the flock\project2d\vector2.cpp(347): warning C4273: 'Vector2::operator Vector4': inconsistent dll linkage
  c:\users\chris\documents\002_portfolio\projects\what the flock\project2d\vector2.h(204): note: see previous definition of 'operator Vector4'
c:\users\chris\documents\002_portfolio\projects\what the flock\project2d\vector2.cpp(363): warning C4273: 'Vector2::dot': inconsistent dll linkage
  c:\users\chris\documents\002_portfolio\projects\what the flock\project2d\vector2.h(213): note: see previous definition of 'dot'
c:\users\chris\documents\002_portfolio\projects\what the flock\project2d\vector2.cpp(375): warning C4273: 'Vector2::perpCCW': inconsistent dll linkage
  c:\users\chris\documents\002_portfolio\projects\what the flock\project2d\vector2.h(222): note: see previous definition of 'perpCCW'
c:\users\chris\documents\002_portfolio\projects\what the flock\project2d\vector2.cpp(391): warning C4273: 'Vector2::perpCW': inconsistent dll linkage
  c:\users\chris\documents\002_portfolio\projects\what the flock\project2d\vector2.h(231): note: see previous definition of 'perpCW'
c:\users\chris\documents\002_portfolio\projects\what the flock\project2d\vector2.cpp(407): warning C4273: 'Vector2::magnitude': inconsistent dll linkage
  c:\users\chris\documents\002_portfolio\projects\what the flock\project2d\vector2.h(240): note: see previous definition of 'magnitude'
c:\users\chris\documents\002_portfolio\projects\what the flock\project2d\vector2.cpp(422): warning C4273: 'Vector2::magnitudeSqr': inconsistent dll linkage
  c:\users\chris\documents\002_portfolio\projects\what the flock\project2d\vector2.h(252): note: see previous definition of 'magnitudeSqr'
c:\users\chris\documents\002_portfolio\projects\what the flock\project2d\vector2.cpp(434): warning C4273: 'Vector2::normalise': inconsistent dll linkage
  c:\users\chris\documents\002_portfolio\projects\what the flock\project2d\vector2.h(261): note: see previous definition of 'normalise'
c:\users\chris\documents\002_portfolio\projects\what the flock\project2d\vector2.cpp(462): warning C4273: 'Vector2::Swizzle': inconsistent dll linkage
  c:\users\chris\documents\002_portfolio\projects\what the flock\project2d\vector2.h(275): note: see previous definition of 'Swizzle'
c:\users\chris\documents\002_portfolio\projects\what the flock\project2d\vector2.cpp(484): warning C4273: 'Vector2::Lerp': inconsistent dll linkage
  c:\users\chris\documents\002_portfolio\projects\what the flock\project2d\vector2.h(280): note: see previous definition of 'Lerp'
  Vector3.cpp
c:\users\chris\documents\002_portfolio\projects\what the flock\project2d\vector3.cpp(9): warning C4273: 'Vector3::Vector3': inconsistent dll linkage
  c:\users\chris\documents\002_portfolio\projects\what the flock\project2d\vector3.h(19): note: see previous definition of '{ctor}'
c:\users\chris\documents\002_portfolio\projects\what the flock\project2d\vector3.cpp(16): warning C4273: 'Vector3::Vector3': inconsistent dll linkage
  c:\users\chris\documents\002_portfolio\projects\what the flock\project2d\vector3.h(20): note: see previous definition of '{ctor}'
c:\users\chris\documents\002_portfolio\projects\what the flock\project2d\vector3.cpp(23): warning C4273: 'Vector3::~Vector3': inconsistent dll linkage
  c:\users\chris\documents\002_portfolio\projects\what the flock\project2d\vector3.h(21): note: see previous definition of '{dtor}'
c:\users\chris\documents\002_portfolio\projects\what the flock\project2d\vector3.cpp(31): warning C4273: 'Vector3::One': inconsistent dll linkage
  c:\users\chris\documents\002_portfolio\projects\what the flock\project2d\vector3.h(27): note: see previous definition of 'One'
c:\users\chris\documents\002_portfolio\projects\what the flock\project2d\vector3.cpp(42): warning C4273: 'Vector3::Zero': inconsistent dll linkage
  c:\users\chris\documents\002_portfolio\projects\what the flock\project2d\vector3.h(33): note: see previous definition of 'Zero'
c:\users\chris\documents\002_portfolio\projects\what the flock\project2d\vector3.cpp(54): warning C4273: 'Vector3::Right': inconsistent dll linkage
  c:\users\chris\documents\002_portfolio\projects\what the flock\project2d\vector3.h(40): note: see previous definition of 'Right'
c:\users\chris\documents\002_portfolio\projects\what the flock\project2d\vector3.cpp(66): warning C4273: 'Vector3::Left': inconsistent dll linkage
  c:\users\chris\documents\002_portfolio\projects\what the flock\project2d\vector3.h(47): note: see previous definition of 'Left'
c:\users\chris\documents\002_portfolio\projects\what the flock\project2d\vector3.cpp(78): warning C4273: 'Vector3::Up': inconsistent dll linkage
  c:\users\chris\documents\002_portfolio\projects\what the flock\project2d\vector3.h(54): note: see previous definition of 'Up'
c:\users\chris\documents\002_portfolio\projects\what the flock\project2d\vector3.cpp(90): warning C4273: 'Vector3::Down': inconsistent dll linkage
  c:\users\chris\documents\002_portfolio\projects\what the flock\project2d\vector3.h(61): note: see previous definition of 'Down'
c:\users\chris\documents\002_portfolio\projects\what the flock\project2d\vector3.cpp(102): warning C4273: 'Vector3::Forward': inconsistent dll linkage
  c:\users\chris\documents\002_portfolio\projects\what the flock\project2d\vector3.h(68): note: see previous definition of 'Forward'
c:\users\chris\documents\002_portfolio\projects\what the flock\project2d\vector3.cpp(114): warning C4273: 'Vector3::Back': inconsistent dll linkage
  c:\users\chris\documents\002_portfolio\projects\what the flock\project2d\vector3.h(75): note: see previous definition of 'Back'
c:\users\chris\documents\002_portfolio\projects\what the flock\project2d\vector3.cpp(127): warning C4273: 'Vector3::operator +': inconsistent dll linkage
  c:\users\chris\documents\002_portfolio\projects\what the flock\project2d\vector3.h(83): note: see previous definition of '+'
c:\users\chris\documents\002_portfolio\projects\what the flock\project2d\vector3.cpp(143): warning C4273: 'Vector3::operator -': inconsistent dll linkage
  c:\users\chris\documents\002_portfolio\projects\what the flock\project2d\vector3.h(91): note: see previous definition of '-'
c:\users\chris\documents\002_portfolio\projects\what the flock\project2d\vector3.cpp(159): warning C4273: 'Vector3::operator +': inconsistent dll linkage
  c:\users\chris\documents\002_portfolio\projects\what the flock\project2d\vector3.h(99): note: see previous definition of '+'
c:\users\chris\documents\002_portfolio\projects\what the flock\project2d\vector3.cpp(175): warning C4273: 'Vector3::operator -': inconsistent dll linkage
  c:\users\chris\documents\002_portfolio\projects\what the flock\project2d\vector3.h(107): note: see previous definition of '-'
c:\users\chris\documents\002_portfolio\projects\what the flock\project2d\vector3.cpp(191): warning C4273: 'Vector3::operator *': inconsistent dll linkage
  c:\users\chris\documents\002_portfolio\projects\what the flock\project2d\vector3.h(115): note: see previous definition of '*'
c:\users\chris\documents\002_portfolio\projects\what the flock\project2d\vector3.cpp(207): warning C4273: 'Vector3::operator +=': inconsistent dll linkage
  c:\users\chris\documents\002_portfolio\projects\what the flock\project2d\vector3.h(123): note: see previous definition of '+='
c:\users\chris\documents\002_portfolio\projects\what the flock\project2d\vector3.cpp(222): warning C4273: 'Vector3::operator -=': inconsistent dll linkage
  c:\users\chris\documents\002_portfolio\projects\what the flock\project2d\vector3.h(131): note: see previous definition of '-='
c:\users\chris\documents\002_portfolio\projects\what the flock\project2d\vector3.cpp(238): warning C4273: 'Vector3::operator *=': inconsistent dll linkage
  c:\users\chris\documents\002_portfolio\projects\what the flock\project2d\vector3.h(140): note: see previous definition of '*='
c:\users\chris\documents\002_portfolio\projects\what the flock\project2d\vector3.cpp(254): warning C4273: 'Vector3::operator ==': inconsistent dll linkage
  c:\users\chris\documents\002_portfolio\projects\what the flock\project2d\vector3.h(149): note: see previous definition of '=='
c:\users\chris\documents\002_portfolio\projects\what the flock\project2d\vector3.cpp(276): warning C4273: 'Vector3::operator >': inconsistent dll linkage
  c:\users\chris\documents\002_portfolio\projects\what the flock\project2d\vector3.h(158): note: see previous definition of '>'
c:\users\chris\documents\002_portfolio\projects\what the flock\project2d\vector3.cpp(298): warning C4273: 'Vector3::operator >=': inconsistent dll linkage
  c:\users\chris\documents\002_portfolio\projects\what the flock\project2d\vector3.h(167): note: see previous definition of '>='
c:\users\chris\documents\002_portfolio\projects\what the flock\project2d\vector3.cpp(320): warning C4273: 'Vector3::operator <': inconsistent dll linkage
  c:\users\chris\documents\002_portfolio\projects\what the flock\project2d\vector3.h(176): note: see previous definition of '<'
c:\users\chris\documents\002_portfolio\projects\what the flock\project2d\vector3.cpp(342): warning C4273: 'Vector3::operator <=': inconsistent dll linkage
  c:\users\chris\documents\002_portfolio\projects\what the flock\project2d\vector3.h(185): note: see previous definition of '<='
c:\users\chris\documents\002_portfolio\projects\what the flock\project2d\vector3.cpp(364): warning C4273: 'Vector3::operator []': inconsistent dll linkage
  c:\users\chris\documents\002_portfolio\projects\what the flock\project2d\vector3.h(194): note: see previous definition of '[]'
c:\users\chris\documents\002_portfolio\projects\what the flock\project2d\vector3.cpp(376): warning C4273: 'Vector3::operator float *': inconsistent dll linkage
  c:\users\chris\documents\002_portfolio\projects\what the flock\project2d\vector3.h(202): note: see previous definition of 'operator float *'
c:\users\chris\documents\002_portfolio\projects\what the flock\project2d\vector3.cpp(387): warning C4273: 'Vector3::operator Vector2': inconsistent dll linkage
  c:\users\chris\documents\002_portfolio\projects\what the flock\project2d\vector3.h(210): note: see previous definition of 'operator Vector2'
c:\users\chris\documents\002_portfolio\projects\what the flock\project2d\vector3.cpp(402): warning C4273: 'Vector3::operator Vector4': inconsistent dll linkage
  c:\users\chris\documents\002_portfolio\projects\what the flock\project2d\vector3.h(218): note: see previous definition of 'operator Vector4'
c:\users\chris\documents\002_portfolio\projects\what the flock\project2d\vector3.cpp(419): warning C4273: 'Vector3::dot': inconsistent dll linkage
  c:\users\chris\documents\002_portfolio\projects\what the flock\project2d\vector3.h(227): note: see previous definition of 'dot'
c:\users\chris\documents\002_portfolio\projects\what the flock\project2d\vector3.cpp(431): warning C4273: 'Vector3::cross': inconsistent dll linkage
  c:\users\chris\documents\002_portfolio\projects\what the flock\project2d\vector3.h(236): note: see previous definition of 'cross'
c:\users\chris\documents\002_portfolio\projects\what the flock\project2d\vector3.cpp(448): warning C4273: 'Vector3::magnitude': inconsistent dll linkage
  c:\users\chris\documents\002_portfolio\projects\what the flock\project2d\vector3.h(245): note: see previous definition of 'magnitude'
c:\users\chris\documents\002_portfolio\projects\what the flock\project2d\vector3.cpp(463): warning C4273: 'Vector3::magnitudeSqr': inconsistent dll linkage
  c:\users\chris\documents\002_portfolio\projects\what the flock\project2d\vector3.h(257): note: see previous definition of 'magnitudeSqr'
c:\users\chris\documents\002_portfolio\projects\what the flock\project2d\vector3.cpp(475): warning C4273: 'Vector3::normalise': inconsistent dll linkage
  c:\users\chris\documents\002_portfolio\projects\what the flock\project2d\vector3.h(266): note: see previous definition of 'normalise'
c:\users\chris\documents\002_portfolio\projects\what the flock\project2d\vector3.cpp(497): warning C4273: 'Vector3::Swizzle': inconsistent dll linkage
  c:\users\chris\documents\002_portfolio\projects\what the flock\project2d\vector3.h(280): note: see previous definition of 'Swizzle'
  Vector4.cpp
c:\users\chris\documents\002_portfolio\projects\what the flock\project2d\vector4.cpp(9): warning C4273: 'Vector4::Vector4': inconsistent dll linkage
  c:\users\chris\documents\002_portfolio\projects\what the flock\project2d\vector4.h(19): note: see previous definition of '{ctor}'
c:\users\chris\documents\002_portfolio\projects\what the flock\project2d\vector4.cpp(17): warning C4273: 'Vector4::Vector4': inconsistent dll linkage
  c:\users\chris\documents\002_portfolio\projects\what the flock\project2d\vector4.h(20): note: see previous definition of '{ctor}'
c:\users\chris\documents\002_portfolio\projects\what the flock\project2d\vector4.cpp(25): warning C4273: 'Vector4::~Vector4': inconsistent dll linkage
  c:\users\chris\documents\002_portfolio\projects\what the flock\project2d\vector4.h(21): note: see previous definition of '{dtor}'
c:\users\chris\documents\002_portfolio\projects\what the flock\project2d\vector4.cpp(33): warning C4273: 'Vector4::One': inconsistent dll linkage
  c:\users\chris\documents\002_portfolio\projects\what the flock\project2d\vector4.h(27): note: see previous definition of 'One'
c:\users\chris\documents\002_portfolio\projects\what the flock\project2d\vector4.cpp(45): warning C4273: 'Vector4::Zero': inconsistent dll linkage
  c:\users\chris\documents\002_portfolio\projects\what the flock\project2d\vector4.h(33): note: see previous definition of 'Zero'
c:\users\chris\documents\002_portfolio\projects\what the flock\project2d\vector4.cpp(59): warning C4273: 'Vector4::operator +': inconsistent dll linkage
  c:\users\chris\documents\002_portfolio\projects\what the flock\project2d\vector4.h(41): note: see previous definition of '+'
c:\users\chris\documents\002_portfolio\projects\what the flock\project2d\vector4.cpp(76): warning C4273: 'Vector4::operator -': inconsistent dll linkage
  c:\users\chris\documents\002_portfolio\projects\what the flock\project2d\vector4.h(49): note: see previous definition of '-'
c:\users\chris\documents\002_portfolio\projects\what the flock\project2d\vector4.cpp(93): warning C4273: 'Vector4::operator +': inconsistent dll linkage
  c:\users\chris\documents\002_portfolio\projects\what the flock\project2d\vector4.h(57): note: see previous definition of '+'
c:\users\chris\documents\002_portfolio\projects\what the flock\project2d\vector4.cpp(110): warning C4273: 'Vector4::operator -': inconsistent dll linkage
  c:\users\chris\documents\002_portfolio\projects\what the flock\project2d\vector4.h(65): note: see previous definition of '-'
c:\users\chris\documents\002_portfolio\projects\what the flock\project2d\vector4.cpp(127): warning C4273: 'Vector4::operator *': inconsistent dll linkage
  c:\users\chris\documents\002_portfolio\projects\what the flock\project2d\vector4.h(73): note: see previous definition of '*'
c:\users\chris\documents\002_portfolio\projects\what the flock\project2d\vector4.cpp(144): warning C4273: 'Vector4::operator +=': inconsistent dll linkage
  c:\users\chris\documents\002_portfolio\projects\what the flock\project2d\vector4.h(81): note: see previous definition of '+='
c:\users\chris\documents\002_portfolio\projects\what the flock\project2d\vector4.cpp(160): warning C4273: 'Vector4::operator -=': inconsistent dll linkage
  c:\users\chris\documents\002_portfolio\projects\what the flock\project2d\vector4.h(89): note: see previous definition of '-='
c:\users\chris\documents\002_portfolio\projects\what the flock\project2d\vector4.cpp(177): warning C4273: 'Vector4::operator *=': inconsistent dll linkage
  c:\users\chris\documents\002_portfolio\projects\what the flock\project2d\vector4.h(98): note: see previous definition of '*='
c:\users\chris\documents\002_portfolio\projects\what the flock\project2d\vector4.cpp(194): warning C4273: 'Vector4::operator ==': inconsistent dll linkage
  c:\users\chris\documents\002_portfolio\projects\what the flock\project2d\vector4.h(107): note: see previous definition of '=='
c:\users\chris\documents\002_portfolio\projects\what the flock\project2d\vector4.cpp(219): warning C4273: 'Vector4::operator >': inconsistent dll linkage
  c:\users\chris\documents\002_portfolio\projects\what the flock\project2d\vector4.h(116): note: see previous definition of '>'
c:\users\chris\documents\002_portfolio\projects\what the flock\project2d\vector4.cpp(244): warning C4273: 'Vector4::operator >=': inconsistent dll linkage
  c:\users\chris\documents\002_portfolio\projects\what the flock\project2d\vector4.h(125): note: see previous definition of '>='
c:\users\chris\documents\002_portfolio\projects\what the flock\project2d\vector4.cpp(269): warning C4273: 'Vector4::operator <': inconsistent dll linkage
  c:\users\chris\documents\002_portfolio\projects\what the flock\project2d\vector4.h(134): note: see previous definition of '<'
c:\users\chris\documents\002_portfolio\projects\what the flock\project2d\vector4.cpp(294): warning C4273: 'Vector4::operator <=': inconsistent dll linkage
  c:\users\chris\documents\002_portfolio\projects\what the flock\project2d\vector4.h(143): note: see previous definition of '<='
c:\users\chris\documents\002_portfolio\projects\what the flock\project2d\vector4.cpp(319): warning C4273: 'Vector4::operator []': inconsistent dll linkage
  c:\users\chris\documents\002_portfolio\projects\what the flock\project2d\vector4.h(152): note: see previous definition of '[]'
c:\users\chris\documents\002_portfolio\projects\what the flock\project2d\vector4.cpp(331): warning C4273: 'Vector4::operator float *': inconsistent dll linkage
  c:\users\chris\documents\002_portfolio\projects\what the flock\project2d\vector4.h(160): note: see previous definition of 'operator float *'
c:\users\chris\documents\002_portfolio\projects\what the flock\project2d\vector4.cpp(342): warning C4273: 'Vector4::operator Vector2': inconsistent dll linkage
  c:\users\chris\documents\002_portfolio\projects\what the flock\project2d\vector4.h(168): note: see previous definition of 'operator Vector2'
c:\users\chris\documents\002_portfolio\projects\what the flock\project2d\vector4.cpp(357): warning C4273: 'Vector4::operator Vector3': inconsistent dll linkage
  c:\users\chris\documents\002_portfolio\projects\what the flock\project2d\vector4.h(176): note: see previous definition of 'operator Vector3'
c:\users\chris\documents\002_portfolio\projects\what the flock\project2d\vector4.cpp(374): warning C4273: 'Vector4::dot': inconsistent dll linkage
  c:\users\chris\documents\002_portfolio\projects\what the flock\project2d\vector4.h(185): note: see previous definition of 'dot'
c:\users\chris\documents\002_portfolio\projects\what the flock\project2d\vector4.cpp(386): warning C4273: 'Vector4::cross': inconsistent dll linkage
  c:\users\chris\documents\002_portfolio\projects\what the flock\project2d\vector4.h(194): note: see previous definition of 'cross'
c:\users\chris\documents\002_portfolio\projects\what the flock\project2d\vector4.cpp(405): warning C4273: 'Vector4::magnitude': inconsistent dll linkage
  c:\users\chris\documents\002_portfolio\projects\what the flock\project2d\vector4.h(203): note: see previous definition of 'magnitude'
c:\users\chris\documents\002_portfolio\projects\what the flock\project2d\vector4.cpp(420): warning C4273: 'Vector4::magnitudeSqr': inconsistent dll linkage
  c:\users\chris\documents\002_portfolio\projects\what the flock\project2d\vector4.h(215): note: see previous definition of 'magnitudeSqr'
c:\users\chris\documents\002_portfolio\projects\what the flock\project2d\vector4.cpp(432): warning C4273: 'Vector4::normalise': inconsistent dll linkage
  c:\users\chris\documents\002_portfolio\projects\what the flock\project2d\vector4.h(224): note: see previous definition of 'normalise'
c:\users\chris\documents\002_portfolio\projects\what the flock\project2d\vector4.cpp(455): warning C4273: 'Vector4::Swizzle': inconsistent dll linkage
  c:\users\chris\documents\002_portfolio\projects\what the flock\project2d\vector4.h(238): note: see previous definition of 'Swizzle'
c:\users\chris\documents\002_portfolio\projects\what the flock\project2d\vector4.cpp(497): warning C4273: 'Vector4::SwizzleRGBA': inconsistent dll linkage
  c:\users\chris\documents\002_portfolio\projects\what the flock\project2d\vector4.h(252): note: see previous definition of 'SwizzleRGBA'
  Generating Code...
